\BOOKMARK [1][-]{section.1}{\376\377\000I\000n\000t\000r\000o\000d\000u\000c\000t\000i\000o\000n}{}% 1
\BOOKMARK [1][-]{section.2}{\376\377\000T\000h\000e\000\040\000S\000t\000a\000t\000e\000\040\000o\000f\000\040\000N\000L\000P\000\040\000i\000n\000\040\0002\0000\0001\0007}{}% 2
\BOOKMARK [2][-]{subsection.2.1}{\376\377\000S\000e\000q\000u\000e\000n\000t\000i\000a\000l\000\040\000P\000r\000o\000c\000e\000s\000s\000i\000n\000g\000\040\000a\000n\000d\000\040\000P\000a\000r\000a\000l\000l\000e\000l\000i\000z\000a\000t\000i\000o\000n}{section.2}% 3
\BOOKMARK [2][-]{subsection.2.2}{\376\377\000T\000h\000e\000\040\000L\000o\000n\000g\000-\000R\000a\000n\000g\000e\000\040\000D\000e\000p\000e\000n\000d\000e\000n\000c\000y\000\040\000P\000r\000o\000b\000l\000e\000m}{section.2}% 4
\BOOKMARK [2][-]{subsection.2.3}{\376\377\000S\000t\000a\000t\000i\000c\000\040\000v\000s\000.\000\040\000C\000o\000n\000t\000e\000x\000t\000u\000a\000l\000\040\000E\000m\000b\000e\000d\000d\000i\000n\000g\000s}{section.2}% 5
\BOOKMARK [1][-]{section.3}{\376\377\000T\000h\000e\000\040\000T\000r\000a\000n\000s\000f\000o\000r\000m\000e\000r\000\040\000R\000e\000v\000o\000l\000u\000t\000i\000o\000n}{}% 6
\BOOKMARK [2][-]{subsection.3.1}{\376\377\000T\000h\000e\000\040\000C\000o\000r\000e\000\040\000A\000r\000c\000h\000i\000t\000e\000c\000t\000u\000r\000e}{section.3}% 7
\BOOKMARK [3][-]{subsubsection.3.1.1}{\376\377\000S\000e\000l\000f\000-\000A\000t\000t\000e\000n\000t\000i\000o\000n}{subsection.3.1}% 8
\BOOKMARK [3][-]{subsubsection.3.1.2}{\376\377\000M\000u\000l\000t\000i\000-\000H\000e\000a\000d\000e\000d\000\040\000A\000t\000t\000e\000n\000t\000i\000o\000n}{subsection.3.1}% 9
\BOOKMARK [3][-]{subsubsection.3.1.3}{\376\377\000T\000h\000e\000\040\000D\000e\000c\000o\000d\000e\000r}{subsection.3.1}% 10
\BOOKMARK [2][-]{subsection.3.2}{\376\377\000T\000h\000e\000\040\000i\000n\000t\000u\000i\000t\000i\000o\000n\000\040\000b\000e\000h\000i\000n\000d\000\040\000S\000e\000l\000f\000-\000A\000t\000t\000e\000n\000t\000i\000o\000n}{section.3}% 11
\BOOKMARK [2][-]{subsection.3.3}{\376\377\000I\000m\000p\000a\000c\000t\000\040\000o\000f\000\040\000t\000h\000e\000\040\000T\000r\000a\000n\000s\000f\000o\000r\000m\000e\000r\000\040\000P\000a\000r\000a\000d\000i\000g\000m}{section.3}% 12
\BOOKMARK [1][-]{section.4}{\376\377\000B\000i\000d\000i\000r\000e\000c\000t\000i\000o\000n\000a\000l\000\040\000E\000m\000b\000e\000d\000d\000i\000n\000g\000\040\000R\000e\000p\000r\000e\000s\000e\000n\000t\000a\000t\000i\000o\000n\000s\000\040\000f\000r\000o\000m\000\040\000T\000r\000a\000n\000s\000f\000o\000r\000m\000e\000r\000s\000\040\000\050\000B\000E\000R\000T\000\051}{}% 13
\BOOKMARK [2][-]{subsection.4.1}{\376\377\000P\000r\000e\000v\000i\000o\000u\000s\000\040\000W\000o\000r\000k\000\040\000a\000n\000d\000\040\000M\000a\000j\000o\000r\000\040\000C\000o\000n\000c\000e\000p\000t}{section.4}% 14
\BOOKMARK [2][-]{subsection.4.2}{\376\377\000D\000i\000v\000i\000n\000g\000\040\000d\000e\000e\000p\000e\000r\000\040\000i\000n\000t\000o\000\040\000t\000h\000e\000\040\000B\000E\000R\000T\000\040\000F\000r\000a\000m\000e\000w\000o\000r\000k\000\040\000a\000n\000d\000\040\000A\000r\000c\000h\000i\000t\000e\000c\000t\000u\000r\000e}{section.4}% 15
\BOOKMARK [3][-]{subsubsection.4.2.1}{\376\377\000P\000r\000e\000-\000T\000r\000a\000i\000n\000i\000n\000g}{subsection.4.2}% 16
\BOOKMARK [3][-]{subsubsection.4.2.2}{\376\377\000F\000i\000n\000e\000-\000T\000u\000n\000i\000n\000g}{subsection.4.2}% 17
\BOOKMARK [1][-]{section.5}{\376\377\000T\000S\000A\000P\000M\000-\000B\000E\000R\000T\000:\000\040\000P\000a\000r\000a\000m\000e\000t\000r\000i\000c\000\040\000R\000e\000f\000i\000n\000e\000m\000e\000n\000t\000\040\000f\000o\000r\000\040\000E\000m\000o\000t\000i\000o\000n\000\040\000P\000r\000e\000d\000i\000c\000t\000i\000o\000n}{}% 18
\BOOKMARK [2][-]{subsection.5.1}{\376\377\000B\000e\000y\000o\000n\000d\000\040\000S\000e\000n\000t\000i\000m\000e\000n\000t\000:\000\040\000M\000a\000p\000p\000i\000n\000g\000\040\000t\000h\000e\000\040\000E\000m\000o\000t\000i\000o\000n\000\040\000M\000a\000n\000i\000f\000o\000l\000d}{section.5}% 19
\BOOKMARK [2][-]{subsection.5.2}{\376\377\000A\000r\000c\000h\000i\000t\000e\000c\000t\000u\000r\000a\000l\000\040\000M\000o\000d\000i\000f\000i\000c\000a\000t\000i\000o\000n\000:\000\040\000T\000h\000e\000\040\003\261\000\040\000a\000n\000d\000\040\003\262\000\040\000P\000a\000r\000a\000m\000e\000t\000e\000r\000s}{section.5}% 20
\BOOKMARK [3][-]{subsubsection.5.2.1}{\376\377\000P\000a\000r\000a\000m\000e\000t\000r\000i\000c\000\040\000A\000t\000t\000e\000n\000t\000i\000o\000n\000\040\000M\000o\000d\000i\000f\000i\000c\000a\000t\000i\000o\000n\000\040\000\050\003\261\000\051}{subsection.5.2}% 21
\BOOKMARK [3][-]{subsubsection.5.2.2}{\376\377\000I\000n\000t\000u\000i\000t\000i\000o\000n\000:\000\040\000L\000e\000x\000i\000c\000o\000n\000-\000G\000u\000i\000d\000e\000d\000\040\000L\000a\000t\000e\000n\000t\000\040\000R\000e\000p\000r\000e\000s\000e\000n\000t\000a\000t\000i\000o\000n\000s}{subsection.5.2}% 22
\BOOKMARK [2][-]{subsection.5.3}{\376\377\000T\000r\000a\000i\000n\000i\000n\000g\000\040\000P\000r\000o\000t\000o\000c\000o\000l\000\040\000a\000n\000d\000\040\000H\000y\000p\000e\000r\000p\000a\000r\000a\000m\000e\000t\000e\000r\000\040\000C\000o\000n\000f\000i\000g\000u\000r\000a\000t\000i\000o\000n}{section.5}% 23
\BOOKMARK [2][-]{subsection.5.4}{\376\377\000P\000e\000r\000f\000o\000r\000m\000a\000n\000c\000e\000\040\000E\000v\000a\000l\000u\000a\000t\000i\000o\000n\000\040\000a\000n\000d\000\040\000A\000b\000l\000a\000t\000i\000o\000n\000\040\000A\000n\000a\000l\000y\000s\000i\000s}{section.5}% 24
\BOOKMARK [3][-]{subsubsection.5.4.1}{\376\377\000T\000h\000e\000\040\000F\000i\000n\000e\000-\000T\000u\000n\000i\000n\000g\000\040\000D\000a\000t\000a\000s\000e\000t}{subsection.5.4}% 25
\BOOKMARK [3][-]{subsubsection.5.4.2}{\376\377\000C\000o\000m\000p\000a\000r\000a\000t\000i\000v\000e\000\040\000R\000e\000s\000u\000l\000t\000s}{subsection.5.4}% 26
\BOOKMARK [2][-]{subsection.5.5}{\376\377\000A\000b\000l\000a\000t\000i\000o\000n\000\040\000A\000n\000a\000l\000y\000s\000i\000s\000:\000\040\000Q\000u\000a\000n\000t\000i\000f\000y\000i\000n\000g\000\040\000P\000a\000r\000a\000m\000e\000t\000r\000i\000c\000\040\000I\000m\000p\000a\000c\000t}{section.5}% 27
\BOOKMARK [3][-]{subsubsection.5.5.1}{\376\377\000I\000m\000p\000a\000c\000t\000\040\000o\000f\000\040\000S\000e\000n\000t\000i\000m\000e\000n\000t\000\040\000L\000e\000x\000i\000c\000o\000n\000\040\000\050\000S\000l\000e\000x\000\051}{subsection.5.5}% 28
\BOOKMARK [3][-]{subsubsection.5.5.2}{\376\377\000E\000f\000f\000e\000c\000t\000\040\000o\000f\000\040\000W\000e\000i\000g\000h\000t\000e\000d\000\040\000A\000t\000t\000e\000n\000t\000i\000o\000n\000\040\000R\000e\000f\000i\000n\000e\000m\000e\000n\000t\000\040\000\050\003\261\000\051}{subsection.5.5}% 29
\BOOKMARK [3][-]{subsubsection.5.5.3}{\376\377\000P\000a\000r\000a\000m\000e\000t\000r\000i\000c\000\040\000v\000s\000.\000\040\000U\000n\000i\000f\000o\000r\000m\000\040\000F\000i\000n\000e\000-\000T\000u\000n\000i\000n\000g}{subsection.5.5}% 30
\BOOKMARK [2][-]{subsection.5.6}{\376\377\000S\000u\000m\000m\000a\000r\000y\000\040\000o\000f\000\040\000C\000o\000n\000t\000r\000i\000b\000u\000t\000i\000o\000n\000s}{section.5}% 31
\BOOKMARK [2][-]{subsection.5.7}{\376\377\000C\000r\000i\000t\000i\000c\000a\000l\000\040\000A\000n\000a\000l\000y\000s\000i\000s\000:\000\040\000B\000e\000n\000c\000h\000m\000a\000r\000k\000i\000n\000g\000\040\000a\000n\000d\000\040\000D\000o\000m\000a\000i\000n\000\040\000C\000o\000n\000s\000t\000r\000a\000i\000n\000t\000s}{section.5}% 32
\BOOKMARK [1][-]{section.6}{\376\377\000R\000e\000x\000B\000E\000R\000T\000:\000\040\000D\000o\000m\000a\000i\000n\000\040\000S\000p\000e\000c\000i\000a\000l\000i\000z\000a\000t\000i\000o\000n\000\040\000t\000h\000r\000o\000u\000g\000h\000\040\000D\000a\000t\000a\000\040\000C\000u\000r\000a\000t\000i\000o\000n}{}% 33
\BOOKMARK [2][-]{subsection.6.1}{\376\377\000M\000o\000t\000i\000v\000a\000t\000i\000o\000n\000:\000\040\000T\000h\000e\000\040\000E\000-\000c\000o\000m\000m\000e\000r\000c\000e\000\040\000D\000o\000m\000a\000i\000n\000\040\000G\000a\000p}{section.6}% 34
\BOOKMARK [2][-]{subsection.6.2}{\376\377\000T\000h\000e\000\040\000E\000c\000o\000m\000-\000n\000i\000v\000e\000r\000s\000e\000\040\000C\000o\000r\000p\000u\000s\000:\000\040\000D\000i\000s\000t\000i\000l\000l\000a\000t\000i\000o\000n\000\040\000a\000t\000\040\000S\000c\000a\000l\000e}{section.6}% 35
\BOOKMARK [2][-]{subsection.6.3}{\376\377\000A\000r\000c\000h\000i\000t\000e\000c\000t\000u\000r\000a\000l\000\040\000F\000o\000u\000n\000d\000a\000t\000i\000o\000n\000:\000\040\000M\000o\000d\000e\000r\000n\000B\000E\000R\000T\000\040\000I\000n\000t\000e\000g\000r\000a\000t\000i\000o\000n}{section.6}% 36
\BOOKMARK [2][-]{subsection.6.4}{\376\377\000T\000h\000e\000\040\000T\000h\000r\000e\000e\000-\000P\000h\000a\000s\000e\000\040\000P\000r\000e\000-\000t\000r\000a\000i\000n\000i\000n\000g\000\040\000R\000e\000c\000i\000p\000e}{section.6}% 37
\BOOKMARK [2][-]{subsection.6.5}{\376\377\000G\000u\000i\000d\000e\000d\000\040\000M\000L\000M\000:\000\040\000S\000t\000r\000a\000t\000e\000g\000i\000c\000\040\000L\000a\000t\000e\000n\000t\000\040\000R\000e\000f\000i\000n\000e\000m\000e\000n\000t}{section.6}% 38
\BOOKMARK [2][-]{subsection.6.6}{\376\377\000E\000v\000a\000l\000u\000a\000t\000i\000o\000n\000:\000\040\000B\000e\000n\000c\000h\000m\000a\000r\000k\000s\000\040\000a\000n\000d\000\040\000P\000a\000r\000e\000t\000o\000\040\000E\000f\000f\000i\000c\000i\000e\000n\000c\000y}{section.6}% 39
\BOOKMARK [2][-]{subsection.6.7}{\376\377\000S\000u\000m\000m\000a\000r\000y\000\040\000o\000f\000\040\000C\000o\000n\000t\000r\000i\000b\000u\000t\000i\000o\000n\000s}{section.6}% 40
